<?xml version="1.0" encoding="UTF-8"?>
<testng-results skipped="2" failed="0" ignored="0" total="2" passed="0">
  <reporter-output>
  </reporter-output>
  <suite name="Default suite" duration-ms="12015" started-at="2021-04-25T11:30:42 IST" finished-at="2021-04-25T11:30:54 IST">
    <groups>
    </groups>
    <test name="Default test" duration-ms="12015" started-at="2021-04-25T11:30:42 IST" finished-at="2021-04-25T11:30:54 IST">
      <class name="tripdetails.Execution">
        <test-method status="FAIL" signature="beforeTest()[pri:0, instance:tripdetails.Execution@cd2dae5]" name="beforeTest" is-config="true" duration-ms="11245" started-at="2021-04-25T11:30:42 IST" finished-at="2021-04-25T11:30:54 IST">
          <exception class="org.openqa.selenium.SessionNotCreatedException">
            <message>
              <![CDATA[session not created: This version of ChromeDriver only supports Chrome version 84
Build info: version: '3.141.59', revision: 'e82be7d358', time: '2018-11-14T08:17:03'
System info: host: 'DESKTOP-H3T3K9E', ip: '192.168.0.111', os.name: 'Windows 10', os.arch: 'amd64', os.version: '10.0', java.version: '1.8.0_241'
Driver info: driver.version: ChromeDriver
remote stacktrace: Backtrace:
Ordinal0 [0x004E87E3+2852835]
Ordinal0 [0x003D5BB1+1727409]
Ordinal0 [0x002AE4B9+517305]
Ordinal0 [0x00240BA0+68512]
Ordinal0 [0x0023D3A0+54176]
Ordinal0 [0x0025D9F7+186871]
Ordinal0 [0x0025D7FD+186365]
Ordinal0 [0x0025B70B+177931]
Ordinal0 [0x00242584+75140]
Ordinal0 [0x00243650+79440]
Ordinal0 [0x002435E9+79337]
Ordinal0 [0x003EAD5C+1813852]
GetHandleVerifier [0x0060C616+1075574]
GetHandleVerifier [0x0060C367+1074887]
GetHandleVerifier [0x00617497+1120247]
GetHandleVerifier [0x0060CC16+1077110]
Ordinal0 [0x003E3206+1782278]
Ordinal0 [0x003EC3BB+1819579]
Ordinal0 [0x003EC523+1819939]
Ordinal0 [0x00402B45+1911621]
BaseThreadInitThunk [0x74A86359+25]
RtlGetAppContainerNamedObjectPath [0x772D8944+228]
RtlGetAppContainerNamedObjectPath [0x772D8914+180]
]]>
            </message>
            <full-stacktrace>
              <![CDATA[org.openqa.selenium.SessionNotCreatedException: session not created: This version of ChromeDriver only supports Chrome version 84
Build info: version: '3.141.59', revision: 'e82be7d358', time: '2018-11-14T08:17:03'
System info: host: 'DESKTOP-H3T3K9E', ip: '192.168.0.111', os.name: 'Windows 10', os.arch: 'amd64', os.version: '10.0', java.version: '1.8.0_241'
Driver info: driver.version: ChromeDriver
remote stacktrace: Backtrace:
Ordinal0 [0x004E87E3+2852835]
Ordinal0 [0x003D5BB1+1727409]
Ordinal0 [0x002AE4B9+517305]
Ordinal0 [0x00240BA0+68512]
Ordinal0 [0x0023D3A0+54176]
Ordinal0 [0x0025D9F7+186871]
Ordinal0 [0x0025D7FD+186365]
Ordinal0 [0x0025B70B+177931]
Ordinal0 [0x00242584+75140]
Ordinal0 [0x00243650+79440]
Ordinal0 [0x002435E9+79337]
Ordinal0 [0x003EAD5C+1813852]
GetHandleVerifier [0x0060C616+1075574]
GetHandleVerifier [0x0060C367+1074887]
GetHandleVerifier [0x00617497+1120247]
GetHandleVerifier [0x0060CC16+1077110]
Ordinal0 [0x003E3206+1782278]
Ordinal0 [0x003EC3BB+1819579]
Ordinal0 [0x003EC523+1819939]
Ordinal0 [0x00402B45+1911621]
BaseThreadInitThunk [0x74A86359+25]
RtlGetAppContainerNamedObjectPath [0x772D8944+228]
RtlGetAppContainerNamedObjectPath [0x772D8914+180]

at sun.reflect.NativeConstructorAccessorImpl.newInstance0(Native Method)
at sun.reflect.NativeConstructorAccessorImpl.newInstance(Unknown Source)
at sun.reflect.DelegatingConstructorAccessorImpl.newInstance(Unknown Source)
at java.lang.reflect.Constructor.newInstance(Unknown Source)
at org.openqa.selenium.remote.W3CHandshakeResponse.lambda$errorHandler$0(W3CHandshakeResponse.java:62)
at org.openqa.selenium.remote.HandshakeResponse.lambda$getResponseFunction$0(HandshakeResponse.java:30)
at org.openqa.selenium.remote.ProtocolHandshake.lambda$createSession$0(ProtocolHandshake.java:126)
at java.util.stream.ReferencePipeline$3$1.accept(Unknown Source)
at java.util.Spliterators$ArraySpliterator.tryAdvance(Unknown Source)
at java.util.stream.ReferencePipeline.forEachWithCancel(Unknown Source)
at java.util.stream.AbstractPipeline.copyIntoWithCancel(Unknown Source)
at java.util.stream.AbstractPipeline.copyInto(Unknown Source)
at java.util.stream.AbstractPipeline.wrapAndCopyInto(Unknown Source)
at java.util.stream.FindOps$FindOp.evaluateSequential(Unknown Source)
at java.util.stream.AbstractPipeline.evaluate(Unknown Source)
at java.util.stream.ReferencePipeline.findFirst(Unknown Source)
at org.openqa.selenium.remote.ProtocolHandshake.createSession(ProtocolHandshake.java:128)
at org.openqa.selenium.remote.ProtocolHandshake.createSession(ProtocolHandshake.java:74)
at org.openqa.selenium.remote.HttpCommandExecutor.execute(HttpCommandExecutor.java:136)
at org.openqa.selenium.remote.service.DriverCommandExecutor.execute(DriverCommandExecutor.java:83)
at org.openqa.selenium.remote.RemoteWebDriver.execute(RemoteWebDriver.java:552)
at org.openqa.selenium.remote.RemoteWebDriver.startSession(RemoteWebDriver.java:213)
at org.openqa.selenium.remote.RemoteWebDriver.<init>(RemoteWebDriver.java:131)
at org.openqa.selenium.chrome.ChromeDriver.<init>(ChromeDriver.java:181)
at org.openqa.selenium.chrome.ChromeDriver.<init>(ChromeDriver.java:168)
at org.openqa.selenium.chrome.ChromeDriver.<init>(ChromeDriver.java:123)
at tripdetails.Repository.beforeTest(Repository.java:25)
at sun.reflect.NativeMethodAccessorImpl.invoke0(Native Method)
at sun.reflect.NativeMethodAccessorImpl.invoke(Unknown Source)
at sun.reflect.DelegatingMethodAccessorImpl.invoke(Unknown Source)
at java.lang.reflect.Method.invoke(Unknown Source)
at org.testng.internal.MethodInvocationHelper.invokeMethod(MethodInvocationHelper.java:135)
at org.testng.internal.MethodInvocationHelper.invokeMethodConsideringTimeout(MethodInvocationHelper.java:64)
at org.testng.internal.ConfigInvoker.invokeConfigurationMethod(ConfigInvoker.java:364)
at org.testng.internal.ConfigInvoker.invokeConfigurations(ConfigInvoker.java:318)
at org.testng.TestRunner.invokeTestConfigurations(TestRunner.java:620)
at org.testng.TestRunner.beforeRun(TestRunner.java:610)
at org.testng.TestRunner.run(TestRunner.java:581)
at org.testng.SuiteRunner.runTest(SuiteRunner.java:384)
at org.testng.SuiteRunner.runSequentially(SuiteRunner.java:378)
at org.testng.SuiteRunner.privateRun(SuiteRunner.java:337)
at org.testng.SuiteRunner.run(SuiteRunner.java:286)
at org.testng.SuiteRunnerWorker.runSuite(SuiteRunnerWorker.java:53)
at org.testng.SuiteRunnerWorker.run(SuiteRunnerWorker.java:96)
at org.testng.TestNG.runSuitesSequentially(TestNG.java:1214)
at org.testng.TestNG.runSuitesLocally(TestNG.java:1136)
at org.testng.TestNG.runSuites(TestNG.java:1066)
at org.testng.TestNG.run(TestNG.java:1034)
at org.testng.remote.AbstractRemoteTestNG.run(AbstractRemoteTestNG.java:115)
at org.testng.remote.RemoteTestNG.initAndRun(RemoteTestNG.java:251)
at org.testng.remote.RemoteTestNG.main(RemoteTestNG.java:77)
]]>
            </full-stacktrace>
          </exception> <!-- org.openqa.selenium.SessionNotCreatedException -->
          <reporter-output>
          </reporter-output>
        </test-method> <!-- beforeTest -->
        <test-method status="SKIP" signature="f()[pri:0, instance:tripdetails.Execution@cd2dae5]" name="f" duration-ms="0" started-at="2021-04-25T11:30:54 IST" finished-at="2021-04-25T11:30:54 IST">
          <exception class="org.openqa.selenium.SessionNotCreatedException">
            <message>
              <![CDATA[session not created: This version of ChromeDriver only supports Chrome version 84
Build info: version: '3.141.59', revision: 'e82be7d358', time: '2018-11-14T08:17:03'
System info: host: 'DESKTOP-H3T3K9E', ip: '192.168.0.111', os.name: 'Windows 10', os.arch: 'amd64', os.version: '10.0', java.version: '1.8.0_241'
Driver info: driver.version: ChromeDriver
remote stacktrace: Backtrace:
Ordinal0 [0x004E87E3+2852835]
Ordinal0 [0x003D5BB1+1727409]
Ordinal0 [0x002AE4B9+517305]
Ordinal0 [0x00240BA0+68512]
Ordinal0 [0x0023D3A0+54176]
Ordinal0 [0x0025D9F7+186871]
Ordinal0 [0x0025D7FD+186365]
Ordinal0 [0x0025B70B+177931]
Ordinal0 [0x00242584+75140]
Ordinal0 [0x00243650+79440]
Ordinal0 [0x002435E9+79337]
Ordinal0 [0x003EAD5C+1813852]
GetHandleVerifier [0x0060C616+1075574]
GetHandleVerifier [0x0060C367+1074887]
GetHandleVerifier [0x00617497+1120247]
GetHandleVerifier [0x0060CC16+1077110]
Ordinal0 [0x003E3206+1782278]
Ordinal0 [0x003EC3BB+1819579]
Ordinal0 [0x003EC523+1819939]
Ordinal0 [0x00402B45+1911621]
BaseThreadInitThunk [0x74A86359+25]
RtlGetAppContainerNamedObjectPath [0x772D8944+228]
RtlGetAppContainerNamedObjectPath [0x772D8914+180]
]]>
            </message>
            <full-stacktrace>
              <![CDATA[org.openqa.selenium.SessionNotCreatedException: session not created: This version of ChromeDriver only supports Chrome version 84
Build info: version: '3.141.59', revision: 'e82be7d358', time: '2018-11-14T08:17:03'
System info: host: 'DESKTOP-H3T3K9E', ip: '192.168.0.111', os.name: 'Windows 10', os.arch: 'amd64', os.version: '10.0', java.version: '1.8.0_241'
Driver info: driver.version: ChromeDriver
remote stacktrace: Backtrace:
Ordinal0 [0x004E87E3+2852835]
Ordinal0 [0x003D5BB1+1727409]
Ordinal0 [0x002AE4B9+517305]
Ordinal0 [0x00240BA0+68512]
Ordinal0 [0x0023D3A0+54176]
Ordinal0 [0x0025D9F7+186871]
Ordinal0 [0x0025D7FD+186365]
Ordinal0 [0x0025B70B+177931]
Ordinal0 [0x00242584+75140]
Ordinal0 [0x00243650+79440]
Ordinal0 [0x002435E9+79337]
Ordinal0 [0x003EAD5C+1813852]
GetHandleVerifier [0x0060C616+1075574]
GetHandleVerifier [0x0060C367+1074887]
GetHandleVerifier [0x00617497+1120247]
GetHandleVerifier [0x0060CC16+1077110]
Ordinal0 [0x003E3206+1782278]
Ordinal0 [0x003EC3BB+1819579]
Ordinal0 [0x003EC523+1819939]
Ordinal0 [0x00402B45+1911621]
BaseThreadInitThunk [0x74A86359+25]
RtlGetAppContainerNamedObjectPath [0x772D8944+228]
RtlGetAppContainerNamedObjectPath [0x772D8914+180]

at sun.reflect.NativeConstructorAccessorImpl.newInstance0(Native Method)
at sun.reflect.NativeConstructorAccessorImpl.newInstance(Unknown Source)
at sun.reflect.DelegatingConstructorAccessorImpl.newInstance(Unknown Source)
at java.lang.reflect.Constructor.newInstance(Unknown Source)
at org.openqa.selenium.remote.W3CHandshakeResponse.lambda$errorHandler$0(W3CHandshakeResponse.java:62)
at org.openqa.selenium.remote.HandshakeResponse.lambda$getResponseFunction$0(HandshakeResponse.java:30)
at org.openqa.selenium.remote.ProtocolHandshake.lambda$createSession$0(ProtocolHandshake.java:126)
at java.util.stream.ReferencePipeline$3$1.accept(Unknown Source)
at java.util.Spliterators$ArraySpliterator.tryAdvance(Unknown Source)
at java.util.stream.ReferencePipeline.forEachWithCancel(Unknown Source)
at java.util.stream.AbstractPipeline.copyIntoWithCancel(Unknown Source)
at java.util.stream.AbstractPipeline.copyInto(Unknown Source)
at java.util.stream.AbstractPipeline.wrapAndCopyInto(Unknown Source)
at java.util.stream.FindOps$FindOp.evaluateSequential(Unknown Source)
at java.util.stream.AbstractPipeline.evaluate(Unknown Source)
at java.util.stream.ReferencePipeline.findFirst(Unknown Source)
at org.openqa.selenium.remote.ProtocolHandshake.createSession(ProtocolHandshake.java:128)
at org.openqa.selenium.remote.ProtocolHandshake.createSession(ProtocolHandshake.java:74)
at org.openqa.selenium.remote.HttpCommandExecutor.execute(HttpCommandExecutor.java:136)
at org.openqa.selenium.remote.service.DriverCommandExecutor.execute(DriverCommandExecutor.java:83)
at org.openqa.selenium.remote.RemoteWebDriver.execute(RemoteWebDriver.java:552)
at org.openqa.selenium.remote.RemoteWebDriver.startSession(RemoteWebDriver.java:213)
at org.openqa.selenium.remote.RemoteWebDriver.<init>(RemoteWebDriver.java:131)
at org.openqa.selenium.chrome.ChromeDriver.<init>(ChromeDriver.java:181)
at org.openqa.selenium.chrome.ChromeDriver.<init>(ChromeDriver.java:168)
at org.openqa.selenium.chrome.ChromeDriver.<init>(ChromeDriver.java:123)
at tripdetails.Repository.beforeTest(Repository.java:25)
at sun.reflect.NativeMethodAccessorImpl.invoke0(Native Method)
at sun.reflect.NativeMethodAccessorImpl.invoke(Unknown Source)
at sun.reflect.DelegatingMethodAccessorImpl.invoke(Unknown Source)
at java.lang.reflect.Method.invoke(Unknown Source)
at org.testng.internal.MethodInvocationHelper.invokeMethod(MethodInvocationHelper.java:135)
at org.testng.internal.MethodInvocationHelper.invokeMethodConsideringTimeout(MethodInvocationHelper.java:64)
at org.testng.internal.ConfigInvoker.invokeConfigurationMethod(ConfigInvoker.java:364)
at org.testng.internal.ConfigInvoker.invokeConfigurations(ConfigInvoker.java:318)
at org.testng.TestRunner.invokeTestConfigurations(TestRunner.java:620)
at org.testng.TestRunner.beforeRun(TestRunner.java:610)
at org.testng.TestRunner.run(TestRunner.java:581)
at org.testng.SuiteRunner.runTest(SuiteRunner.java:384)
at org.testng.SuiteRunner.runSequentially(SuiteRunner.java:378)
at org.testng.SuiteRunner.privateRun(SuiteRunner.java:337)
at org.testng.SuiteRunner.run(SuiteRunner.java:286)
at org.testng.SuiteRunnerWorker.runSuite(SuiteRunnerWorker.java:53)
at org.testng.SuiteRunnerWorker.run(SuiteRunnerWorker.java:96)
at org.testng.TestNG.runSuitesSequentially(TestNG.java:1214)
at org.testng.TestNG.runSuitesLocally(TestNG.java:1136)
at org.testng.TestNG.runSuites(TestNG.java:1066)
at org.testng.TestNG.run(TestNG.java:1034)
at org.testng.remote.AbstractRemoteTestNG.run(AbstractRemoteTestNG.java:115)
at org.testng.remote.RemoteTestNG.initAndRun(RemoteTestNG.java:251)
at org.testng.remote.RemoteTestNG.main(RemoteTestNG.java:77)
]]>
            </full-stacktrace>
          </exception> <!-- org.openqa.selenium.SessionNotCreatedException -->
          <reporter-output>
          </reporter-output>
        </test-method> <!-- f -->
        <test-method status="SKIP" signature="flight()[pri:0, instance:tripdetails.Execution@cd2dae5]" name="flight" duration-ms="0" started-at="2021-04-25T11:30:54 IST" finished-at="2021-04-25T11:30:54 IST">
          <exception class="org.openqa.selenium.SessionNotCreatedException">
            <message>
              <![CDATA[session not created: This version of ChromeDriver only supports Chrome version 84
Build info: version: '3.141.59', revision: 'e82be7d358', time: '2018-11-14T08:17:03'
System info: host: 'DESKTOP-H3T3K9E', ip: '192.168.0.111', os.name: 'Windows 10', os.arch: 'amd64', os.version: '10.0', java.version: '1.8.0_241'
Driver info: driver.version: ChromeDriver
remote stacktrace: Backtrace:
Ordinal0 [0x004E87E3+2852835]
Ordinal0 [0x003D5BB1+1727409]
Ordinal0 [0x002AE4B9+517305]
Ordinal0 [0x00240BA0+68512]
Ordinal0 [0x0023D3A0+54176]
Ordinal0 [0x0025D9F7+186871]
Ordinal0 [0x0025D7FD+186365]
Ordinal0 [0x0025B70B+177931]
Ordinal0 [0x00242584+75140]
Ordinal0 [0x00243650+79440]
Ordinal0 [0x002435E9+79337]
Ordinal0 [0x003EAD5C+1813852]
GetHandleVerifier [0x0060C616+1075574]
GetHandleVerifier [0x0060C367+1074887]
GetHandleVerifier [0x00617497+1120247]
GetHandleVerifier [0x0060CC16+1077110]
Ordinal0 [0x003E3206+1782278]
Ordinal0 [0x003EC3BB+1819579]
Ordinal0 [0x003EC523+1819939]
Ordinal0 [0x00402B45+1911621]
BaseThreadInitThunk [0x74A86359+25]
RtlGetAppContainerNamedObjectPath [0x772D8944+228]
RtlGetAppContainerNamedObjectPath [0x772D8914+180]
]]>
            </message>
            <full-stacktrace>
              <![CDATA[org.openqa.selenium.SessionNotCreatedException: session not created: This version of ChromeDriver only supports Chrome version 84
Build info: version: '3.141.59', revision: 'e82be7d358', time: '2018-11-14T08:17:03'
System info: host: 'DESKTOP-H3T3K9E', ip: '192.168.0.111', os.name: 'Windows 10', os.arch: 'amd64', os.version: '10.0', java.version: '1.8.0_241'
Driver info: driver.version: ChromeDriver
remote stacktrace: Backtrace:
Ordinal0 [0x004E87E3+2852835]
Ordinal0 [0x003D5BB1+1727409]
Ordinal0 [0x002AE4B9+517305]
Ordinal0 [0x00240BA0+68512]
Ordinal0 [0x0023D3A0+54176]
Ordinal0 [0x0025D9F7+186871]
Ordinal0 [0x0025D7FD+186365]
Ordinal0 [0x0025B70B+177931]
Ordinal0 [0x00242584+75140]
Ordinal0 [0x00243650+79440]
Ordinal0 [0x002435E9+79337]
Ordinal0 [0x003EAD5C+1813852]
GetHandleVerifier [0x0060C616+1075574]
GetHandleVerifier [0x0060C367+1074887]
GetHandleVerifier [0x00617497+1120247]
GetHandleVerifier [0x0060CC16+1077110]
Ordinal0 [0x003E3206+1782278]
Ordinal0 [0x003EC3BB+1819579]
Ordinal0 [0x003EC523+1819939]
Ordinal0 [0x00402B45+1911621]
BaseThreadInitThunk [0x74A86359+25]
RtlGetAppContainerNamedObjectPath [0x772D8944+228]
RtlGetAppContainerNamedObjectPath [0x772D8914+180]

at sun.reflect.NativeConstructorAccessorImpl.newInstance0(Native Method)
at sun.reflect.NativeConstructorAccessorImpl.newInstance(Unknown Source)
at sun.reflect.DelegatingConstructorAccessorImpl.newInstance(Unknown Source)
at java.lang.reflect.Constructor.newInstance(Unknown Source)
at org.openqa.selenium.remote.W3CHandshakeResponse.lambda$errorHandler$0(W3CHandshakeResponse.java:62)
at org.openqa.selenium.remote.HandshakeResponse.lambda$getResponseFunction$0(HandshakeResponse.java:30)
at org.openqa.selenium.remote.ProtocolHandshake.lambda$createSession$0(ProtocolHandshake.java:126)
at java.util.stream.ReferencePipeline$3$1.accept(Unknown Source)
at java.util.Spliterators$ArraySpliterator.tryAdvance(Unknown Source)
at java.util.stream.ReferencePipeline.forEachWithCancel(Unknown Source)
at java.util.stream.AbstractPipeline.copyIntoWithCancel(Unknown Source)
at java.util.stream.AbstractPipeline.copyInto(Unknown Source)
at java.util.stream.AbstractPipeline.wrapAndCopyInto(Unknown Source)
at java.util.stream.FindOps$FindOp.evaluateSequential(Unknown Source)
at java.util.stream.AbstractPipeline.evaluate(Unknown Source)
at java.util.stream.ReferencePipeline.findFirst(Unknown Source)
at org.openqa.selenium.remote.ProtocolHandshake.createSession(ProtocolHandshake.java:128)
at org.openqa.selenium.remote.ProtocolHandshake.createSession(ProtocolHandshake.java:74)
at org.openqa.selenium.remote.HttpCommandExecutor.execute(HttpCommandExecutor.java:136)
at org.openqa.selenium.remote.service.DriverCommandExecutor.execute(DriverCommandExecutor.java:83)
at org.openqa.selenium.remote.RemoteWebDriver.execute(RemoteWebDriver.java:552)
at org.openqa.selenium.remote.RemoteWebDriver.startSession(RemoteWebDriver.java:213)
at org.openqa.selenium.remote.RemoteWebDriver.<init>(RemoteWebDriver.java:131)
at org.openqa.selenium.chrome.ChromeDriver.<init>(ChromeDriver.java:181)
at org.openqa.selenium.chrome.ChromeDriver.<init>(ChromeDriver.java:168)
at org.openqa.selenium.chrome.ChromeDriver.<init>(ChromeDriver.java:123)
at tripdetails.Repository.beforeTest(Repository.java:25)
at sun.reflect.NativeMethodAccessorImpl.invoke0(Native Method)
at sun.reflect.NativeMethodAccessorImpl.invoke(Unknown Source)
at sun.reflect.DelegatingMethodAccessorImpl.invoke(Unknown Source)
at java.lang.reflect.Method.invoke(Unknown Source)
at org.testng.internal.MethodInvocationHelper.invokeMethod(MethodInvocationHelper.java:135)
at org.testng.internal.MethodInvocationHelper.invokeMethodConsideringTimeout(MethodInvocationHelper.java:64)
at org.testng.internal.ConfigInvoker.invokeConfigurationMethod(ConfigInvoker.java:364)
at org.testng.internal.ConfigInvoker.invokeConfigurations(ConfigInvoker.java:318)
at org.testng.TestRunner.invokeTestConfigurations(TestRunner.java:620)
at org.testng.TestRunner.beforeRun(TestRunner.java:610)
at org.testng.TestRunner.run(TestRunner.java:581)
at org.testng.SuiteRunner.runTest(SuiteRunner.java:384)
at org.testng.SuiteRunner.runSequentially(SuiteRunner.java:378)
at org.testng.SuiteRunner.privateRun(SuiteRunner.java:337)
at org.testng.SuiteRunner.run(SuiteRunner.java:286)
at org.testng.SuiteRunnerWorker.runSuite(SuiteRunnerWorker.java:53)
at org.testng.SuiteRunnerWorker.run(SuiteRunnerWorker.java:96)
at org.testng.TestNG.runSuitesSequentially(TestNG.java:1214)
at org.testng.TestNG.runSuitesLocally(TestNG.java:1136)
at org.testng.TestNG.runSuites(TestNG.java:1066)
at org.testng.TestNG.run(TestNG.java:1034)
at org.testng.remote.AbstractRemoteTestNG.run(AbstractRemoteTestNG.java:115)
at org.testng.remote.RemoteTestNG.initAndRun(RemoteTestNG.java:251)
at org.testng.remote.RemoteTestNG.main(RemoteTestNG.java:77)
]]>
            </full-stacktrace>
          </exception> <!-- org.openqa.selenium.SessionNotCreatedException -->
          <reporter-output>
          </reporter-output>
        </test-method> <!-- flight -->
        <test-method status="SKIP" signature="afterTest()[pri:0, instance:tripdetails.Execution@cd2dae5]" name="afterTest" is-config="true" duration-ms="-1619330454795" started-at="2021-04-25T11:30:54 IST" finished-at="1970-01-01T05:30:00 IST">
          <reporter-output>
          </reporter-output>
        </test-method> <!-- afterTest -->
      </class> <!-- tripdetails.Execution -->
    </test> <!-- Default test -->
  </suite> <!-- Default suite -->
</testng-results>
